<?xml version="1.0" encoding="UTF-8" ?>
<testsuite errors="1" failures="0" hostname="Bryns-MacBook-Air.local" name="com.flatironschool.javacs.HelloWorldTest" skipped="0" tests="1" time="0.075" timestamp="2019-08-01T04:57:46">
  <properties>
[...]
</properties>
  <testcase classname="com.flatironschool.javacs.HelloWorldTest" name="testGetVersion" time="0.011">
    <error message="multiple points" type="java.lang.NumberFormatException">java.lang.NumberFormatException: multiple points
	at sun.misc.FloatingDecimal.readJavaFormatString(FloatingDecimal.java:1914)
	at sun.misc.FloatingDecimal.parseDouble(FloatingDecimal.java:110)
	at java.lang.Double.parseDouble(Double.java:538)
	at com.flatironschool.javacs.HelloWorld.getVersion(HelloWorld.java:6)
	at com.flatironschool.javacs.HelloWorldTest.testGetVersion(HelloWorldTest.java:13)
</error>
  </testcase>
  <system-out><![CDATA[]]></system-out>
  <system-err><![CDATA[]]></system-err>
</testsuite>
